#
# There is insufficient memory for the Java Runtime Environment to continue.
# Native memory allocation (malloc) failed to allocate 691856 bytes for Chunk::new
# Possible reasons:
#   The system is out of physical RAM or swap space
#   In 32 bit mode, the process size limit was hit
# Possible solutions:
#   Reduce memory load on the system
#   Increase physical memory or swap space
#   Check if swap backing store is full
#   Use 64 bit Java on a 64 bit OS
#   Decrease Java heap size (-Xmx/-Xms)
#   Decrease number of Java threads
#   Decrease Java thread stack sizes (-Xss)
#   Set larger code cache with -XX:ReservedCodeCacheSize=
# This output file may be truncated or incomplete.
#
#  Out of Memory Error (allocation.cpp:390), pid=7120, tid=5024
#
# JRE version: Java(TM) SE Runtime Environment (8.0_60-b27) (build 1.8.0_60-b27)
# Java VM: Java HotSpot(TM) 64-Bit Server VM (25.60-b23 mixed mode windows-amd64 compressed oops)
# Failed to write core dump. Minidumps are not enabled by default on client versions of Windows
#

---------------  T H R E A D  ---------------

Current thread (0x00000000149ad800):  JavaThread "C2 CompilerThread1" daemon [_thread_in_native, id=5024, stack(0x00000000160c0000,0x00000000161c0000)]

Stack: [0x00000000160c0000,0x00000000161c0000]
[error occurred during error reporting (printing stack bounds), id 0xc0000005]

Native frames: (J=compiled Java code, j=interpreted, Vv=VM code, C=native code)


Current CompileTask:
C2:  24810 2635 %     4       com.android.dx.dex.code.LocalList::make @ 16 (102 bytes)


---------------  P R O C E S S  ---------------

Java Threads: ( => current thread )
  0x00000000149be000 JavaThread "Service Thread" daemon [_thread_blocked, id=876, stack(0x00000000166c0000,0x00000000167c0000)]
  0x00000000149bb800 JavaThread "C1 CompilerThread2" daemon [_thread_in_native, id=6360, stack(0x00000000161c0000,0x00000000162c0000)]
=>0x00000000149ad800 JavaThread "C2 CompilerThread1" daemon [_thread_in_native, id=5024, stack(0x00000000160c0000,0x00000000161c0000)]
  0x0000000014958800 JavaThread "C2 CompilerThread0" daemon [_thread_in_native, id=1484, stack(0x0000000015fc0000,0x00000000160c0000)]
  0x0000000014957000 JavaThread "Attach Listener" daemon [_thread_blocked, id=3340, stack(0x0000000015ec0000,0x0000000015fc0000)]
  0x0000000014956000 JavaThread "Signal Dispatcher" daemon [_thread_blocked, id=5592, stack(0x0000000015dc0000,0x0000000015ec0000)]
  0x0000000002280800 JavaThread "Finalizer" daemon [_thread_blocked, id=4208, stack(0x0000000015bb0000,0x0000000015cb0000)]
  0x000000000227d000 JavaThread "Reference Handler" daemon [_thread_blocked, id=1620, stack(0x0000000015ab0000,0x0000000015bb0000)]
  0x0000000002190800 JavaThread "main" [_thread_in_Java, id=5200, stack(0x0000000001f90000,0x0000000002090000)]

Other Threads:
  0x0000000014927800 VMThread [stack: 0x00000000159b0000,0x0000000015ab0000] [id=3436]
  0x00000000162da800 WatcherThread [stack: 0x00000000167c0000,0x00000000168c0000] [id=5116]

VM state:not at safepoint (normal execution)

VM Mutex/Monitor currently owned by a thread: None

Heap:
 PSYoungGen      total 110080K, used 54466K [0x00000000eab00000, 0x00000000f9100000, 0x0000000100000000)
  eden space 96768K, 42% used [0x00000000eab00000,0x00000000ed335480,0x00000000f0980000)
  from space 13312K, 99% used [0x00000000f0980000,0x00000000f167b5e8,0x00000000f1680000)
  to   space 20992K, 0% used [0x00000000f7c80000,0x00000000f7c80000,0x00000000f9100000)
 ParOldGen       total 64512K, used 31840K [0x00000000c0000000, 0x00000000c3f00000, 0x00000000eab00000)
  object space 64512K, 49% used [0x00000000c0000000,0x00000000c1f18170,0x00000000c3f00000)
 Metaspace       used 6857K, capacity 7608K, committed 7936K, reserved 1056768K
  class space    used 641K, capacity 688K, committed 768K, reserved 1048576K

Card table byte_map: [0x0000000011650000,0x0000000011860000] byte_map_base: 0x0000000011050000

Marking Bits: (ParMarkBitMap*) 0x000000007075a5b0
 Begin Bits: [0x0000000011dc0000, 0x0000000012dc0000)
 End Bits:   [0x0000000012dc0000, 0x0000000013dc0000)

Polling page: 0x00000000005e0000

CodeCache: size=245760Kb used=12022Kb max_used=12022Kb free=233737Kb
 bounds [0x0000000002290000, 0x0000000002e60000, 0x0000000011290000]
 total_blobs=2788 nmethods=2519 adapters=181
 compilation: enabled

Compilation events (10 events):
Event: 24.158 Thread 0x0000000014958800 2640       4       com.android.dx.rop.code.RegisterSpecSet::findMatchingLocal (49 bytes)
Event: 24.166 Thread 0x0000000014958800 nmethod 2640 0x0000000002e4fc90 code [0x0000000002e4fe00, 0x0000000002e50398]
Event: 24.168 Thread 0x0000000014958800 2641       4       com.android.dx.dex.code.StdCatchBuilder::handlersFor (216 bytes)
Event: 24.188 Thread 0x0000000014958800 nmethod 2641 0x0000000002e54290 code [0x0000000002e54460, 0x0000000002e54ed8]
Event: 24.190 Thread 0x0000000014958800 2642       4       com.android.dx.dex.code.DalvInsnList::makeImmutable (51 bytes)
Event: 24.199 Thread 0x0000000014958800 nmethod 2642 0x0000000002e4f4d0 code [0x0000000002e4f620, 0x0000000002e4f9d8]
Event: 24.262 Thread 0x0000000014958800 2643   !   4       com.android.dx.rop.cst.CstType::intern (48 bytes)
Event: 24.263 Thread 0x00000000149bb800 2644       3       com.android.dx.dex.code.StdCatchBuilder::handlersFor (216 bytes)
Event: 24.265 Thread 0x00000000149bb800 nmethod 2644 0x0000000002e57d10 code [0x0000000002e58080, 0x0000000002e5a1d8]
Event: 24.269 Thread 0x00000000149bb800 2645       3       com.android.dx.dex.code.LocalList$MakeState::checkForEmptyRange (198 bytes)

GC Heap History (10 events):
Event: 2.139 GC heap before
{Heap before GC invocations=3 (full 0):
 PSYoungGen      total 28160K, used 28141K [0x00000000eab00000, 0x00000000ee200000, 0x0000000100000000)
  eden space 24576K, 100% used [0x00000000eab00000,0x00000000ec300000,0x00000000ec300000)
  from space 3584K, 99% used [0x00000000ec680000,0x00000000ec9fb4a0,0x00000000eca00000)
  to   space 3584K, 0% used [0x00000000ec300000,0x00000000ec300000,0x00000000ec680000)
 ParOldGen       total 64512K, used 4510K [0x00000000c0000000, 0x00000000c3f00000, 0x00000000eab00000)
  object space 64512K, 6% used [0x00000000c0000000,0x00000000c0467858,0x00000000c3f00000)
 Metaspace       used 6177K, capacity 7088K, committed 7296K, reserved 1056768K
  class space    used 600K, capacity 616K, committed 640K, reserved 1048576K
Event: 2.523 GC heap after
Heap after GC invocations=3 (full 0):
 PSYoungGen      total 28160K, used 3574K [0x00000000eab00000, 0x00000000ee200000, 0x0000000100000000)
  eden space 24576K, 0% used [0x00000000eab00000,0x00000000eab00000,0x00000000ec300000)
  from space 3584K, 99% used [0x00000000ec300000,0x00000000ec67d988,0x00000000ec680000)
  to   space 3584K, 0% used [0x00000000ede80000,0x00000000ede80000,0x00000000ee200000)
 ParOldGen       total 64512K, used 8216K [0x00000000c0000000, 0x00000000c3f00000, 0x00000000eab00000)
  object space 64512K, 12% used [0x00000000c0000000,0x00000000c08062e8,0x00000000c3f00000)
 Metaspace       used 6177K, capacity 7088K, committed 7296K, reserved 1056768K
  class space    used 600K, capacity 616K, committed 640K, reserved 1048576K
}
Event: 4.090 GC heap before
{Heap before GC invocations=4 (full 0):
 PSYoungGen      total 28160K, used 28150K [0x00000000eab00000, 0x00000000ee200000, 0x0000000100000000)
  eden space 24576K, 100% used [0x00000000eab00000,0x00000000ec300000,0x00000000ec300000)
  from space 3584K, 99% used [0x00000000ec300000,0x00000000ec67d988,0x00000000ec680000)
  to   space 3584K, 0% used [0x00000000ede80000,0x00000000ede80000,0x00000000ee200000)
 ParOldGen       total 64512K, used 8216K [0x00000000c0000000, 0x00000000c3f00000, 0x00000000eab00000)
  object space 64512K, 12% used [0x00000000c0000000,0x00000000c08062e8,0x00000000c3f00000)
 Metaspace       used 6220K, capacity 7088K, committed 7296K, reserved 1056768K
  class space    used 600K, capacity 616K, committed 640K, reserved 1048576K
Event: 4.129 GC heap after
Heap after GC invocations=4 (full 0):
 PSYoungGen      total 52736K, used 3556K [0x00000000eab00000, 0x00000000ee200000, 0x0000000100000000)
  eden space 49152K, 0% used [0x00000000eab00000,0x00000000eab00000,0x00000000edb00000)
  from space 3584K, 99% used [0x00000000ede80000,0x00000000ee1f9140,0x00000000ee200000)
  to   space 3584K, 0% used [0x00000000edb00000,0x00000000edb00000,0x00000000ede80000)
 ParOldGen       total 64512K, used 11853K [0x00000000c0000000, 0x00000000c3f00000, 0x00000000eab00000)
  object space 64512K, 18% used [0x00000000c0000000,0x00000000c0b93450,0x00000000c3f00000)
 Metaspace       used 6220K, capacity 7088K, committed 7296K, reserved 1056768K
  class space    used 600K, capacity 616K, committed 640K, reserved 1048576K
}
Event: 6.135 GC heap before
{Heap before GC invocations=5 (full 0):
 PSYoungGen      total 52736K, used 52708K [0x00000000eab00000, 0x00000000ee200000, 0x0000000100000000)
  eden space 49152K, 100% used [0x00000000eab00000,0x00000000edb00000,0x00000000edb00000)
  from space 3584K, 99% used [0x00000000ede80000,0x00000000ee1f9140,0x00000000ee200000)
  to   space 3584K, 0% used [0x00000000edb00000,0x00000000edb00000,0x00000000ede80000)
 ParOldGen       total 64512K, used 11853K [0x00000000c0000000, 0x00000000c3f00000, 0x00000000eab00000)
  object space 64512K, 18% used [0x00000000c0000000,0x00000000c0b93450,0x00000000c3f00000)
 Metaspace       used 6279K, capacity 7152K, committed 7296K, reserved 1056768K
  class space    used 601K, capacity 616K, committed 640K, reserved 1048576K
Event: 6.652 GC heap after
Heap after GC invocations=5 (full 0):
 PSYoungGen      total 52736K, used 3554K [0x00000000eab00000, 0x00000000f2200000, 0x0000000100000000)
  eden space 49152K, 0% used [0x00000000eab00000,0x00000000eab00000,0x00000000edb00000)
  from space 3584K, 99% used [0x00000000edb00000,0x00000000ede789d8,0x00000000ede80000)
  to   space 11776K, 0% used [0x00000000f1680000,0x00000000f1680000,0x00000000f2200000)
 ParOldGen       total 64512K, used 20077K [0x00000000c0000000, 0x00000000c3f00000, 0x00000000eab00000)
  object space 64512K, 31% used [0x00000000c0000000,0x00000000c139b468,0x00000000c3f00000)
 Metaspace       used 6279K, capacity 7152K, committed 7296K, reserved 1056768K
  class space    used 601K, capacity 616K, committed 640K, reserved 1048576K
}
Event: 9.860 GC heap before
{Heap before GC invocations=6 (full 0):
 PSYoungGen      total 52736K, used 52706K [0x00000000eab00000, 0x00000000f2200000, 0x0000000100000000)
  eden space 49152K, 100% used [0x00000000eab00000,0x00000000edb00000,0x00000000edb00000)
  from space 3584K, 99% used [0x00000000edb00000,0x00000000ede789d8,0x00000000ede80000)
  to   space 11776K, 0% used [0x00000000f1680000,0x00000000f1680000,0x00000000f2200000)
 ParOldGen       total 64512K, used 20077K [0x00000000c0000000, 0x00000000c3f00000, 0x00000000eab00000)
  object space 64512K, 31% used [0x00000000c0000000,0x00000000c139b468,0x00000000c3f00000)
 Metaspace       used 6382K, capacity 7192K, committed 7424K, reserved 1056768K
  class space    used 621K, capacity 656K, committed 768K, reserved 1048576K
Event: 10.254 GC heap after
Heap after GC invocations=6 (full 0):
 PSYoungGen      total 108544K, used 10812K [0x00000000eab00000, 0x00000000f2500000, 0x0000000100000000)
  eden space 96768K, 0% used [0x00000000eab00000,0x00000000eab00000,0x00000000f0980000)
  from space 11776K, 91% used [0x00000000f1680000,0x00000000f210f3a0,0x00000000f2200000)
  to   space 13312K, 0% used [0x00000000f0980000,0x00000000f0980000,0x00000000f1680000)
 ParOldGen       total 64512K, used 20077K [0x00000000c0000000, 0x00000000c3f00000, 0x00000000eab00000)
  object space 64512K, 31% used [0x00000000c0000000,0x00000000c139b468,0x00000000c3f00000)
 Metaspace       used 6382K, capacity 7192K, committed 7424K, reserved 1056768K
  class space    used 621K, capacity 656K, committed 768K, reserved 1048576K
}
Event: 18.246 GC heap before
{Heap before GC invocations=7 (full 0):
 PSYoungGen      total 108544K, used 107580K [0x00000000eab00000, 0x00000000f2500000, 0x0000000100000000)
  eden space 96768K, 100% used [0x00000000eab00000,0x00000000f0980000,0x00000000f0980000)
  from space 11776K, 91% used [0x00000000f1680000,0x00000000f210f3a0,0x00000000f2200000)
  to   space 13312K, 0% used [0x00000000f0980000,0x00000000f0980000,0x00000000f1680000)
 ParOldGen       total 64512K, used 20077K [0x00000000c0000000, 0x00000000c3f00000, 0x00000000eab00000)
  object space 64512K, 31% used [0x00000000c0000000,0x00000000c139b468,0x00000000c3f00000)
 Metaspace       used 6492K, capacity 7256K, committed 7424K, reserved 1056768K
  class space    used 623K, capacity 656K, committed 768K, reserved 1048576K
Event: 18.884 GC heap after
Heap after GC invocations=7 (full 0):
 PSYoungGen      total 110080K, used 13293K [0x00000000eab00000, 0x00000000f9100000, 0x0000000100000000)
  eden space 96768K, 0% used [0x00000000eab00000,0x00000000eab00000,0x00000000f0980000)
  from space 13312K, 99% used [0x00000000f0980000,0x00000000f167b5e8,0x00000000f1680000)
  to   space 20992K, 0% used [0x00000000f7c80000,0x00000000f7c80000,0x00000000f9100000)
 ParOldGen       total 64512K, used 31840K [0x00000000c0000000, 0x00000000c3f00000, 0x00000000eab00000)
  object space 64512K, 49% used [0x00000000c0000000,0x00000000c1f18170,0x00000000c3f00000)
 Metaspace       used 6492K, capacity 7256K, committed 7424K, reserved 1056768K
  class space    used 623K, capacity 656K, committed 768K, reserved 1048576K
}

Deoptimization events (10 events):
Event: 20.324 Thread 0x0000000002190800 Uncommon trap: reason=class_check action=maybe_recompile pc=0x0000000002751ff4 method=java.util.Arrays.hashCode([Ljava/lang/Object;)I @ 43
Event: 20.729 Thread 0x0000000002190800 Uncommon trap: reason=unstable_if action=reinterpret pc=0x0000000002b47c5c method=java.util.HashMap.putVal(ILjava/lang/Object;Ljava/lang/Object;ZZ)Ljava/lang/Object; @ 206
Event: 23.207 Thread 0x0000000002190800 Uncommon trap: reason=speculate_class_check action=maybe_recompile pc=0x000000000257cd14 method=com.android.dx.util.FixedSizeList.equals(Ljava/lang/Object;)Z @ 25
Event: 23.207 Thread 0x0000000002190800 Uncommon trap: reason=unstable_if action=reinterpret pc=0x0000000002570898 method=java.util.Arrays.equals([Ljava/lang/Object;[Ljava/lang/Object;)Z @ 23
Event: 23.458 Thread 0x0000000002190800 Uncommon trap: reason=speculate_class_check action=maybe_recompile pc=0x000000000257cd14 method=com.android.dx.util.FixedSizeList.equals(Ljava/lang/Object;)Z @ 25
Event: 23.458 Thread 0x0000000002190800 Uncommon trap: reason=speculate_class_check action=maybe_recompile pc=0x000000000257cd14 method=com.android.dx.util.FixedSizeList.equals(Ljava/lang/Object;)Z @ 25
Event: 23.458 Thread 0x0000000002190800 Uncommon trap: reason=speculate_class_check action=maybe_recompile pc=0x000000000257cd14 method=com.android.dx.util.FixedSizeList.equals(Ljava/lang/Object;)Z @ 25
Event: 23.507 Thread 0x0000000002190800 Uncommon trap: reason=unstable_if action=reinterpret pc=0x0000000002dfb4a0 method=com.android.dx.rop.code.RegisterSpec.matchesVariable(Lcom/android/dx/rop/code/RegisterSpec;)Z @ 59
Event: 23.712 Thread 0x0000000002190800 Uncommon trap: reason=unstable_if action=reinterpret pc=0x0000000002a4c07c method=java.util.TreeMap.put(Ljava/lang/Object;Ljava/lang/Object;)Ljava/lang/Object; @ 163
Event: 24.262 Thread 0x0000000002190800 Uncommon trap: reason=unstable_if action=reinterpret pc=0x0000000002e54c9c method=com.android.dx.dex.code.StdCatchBuilder.handlersFor(Lcom/android/dx/rop/code/BasicBlock;Lcom/android/dx/dex/code/BlockAddresses;)Lcom/android/dx/dex/code/CatchHandlerList; @ "#|'S4@

Internal exceptions (5 events):
Event: 0.161 Thread 0x0000000002190800 Exception <a 'java/lang/NoSuchMethodError': Method sun.misc.Unsafe.defineClass(Ljava/lang/String;[BII)Ljava/lang/Class; name or signature does not match> (0x00000000eab0d588) thrown at [C:\re\workspace\8-2-build-windows-amd64-cygwin\jdk8u60\4407\hotspot\srÐÒyàù£Ä?
Event: 0.161 Thread 0x0000000002190800 Exception <a 'java/lang/NoSuchMethodError': Method sun.misc.Unsafe.prefetchRead(Ljava/lang/Object;J)V name or signature does not match> (0x00000000eab0d870) thrown at [C:\re\workspace\8-2-build-windows-amd64-cygwin\jdk8u60\4407\hotspot\src\share\vm\prims\jnp‹'¶@
Event: 7.928 Thread 0x0000000016576000 Exception <a 'java/lang/ArrayIndexOutOfBoundsException': 18> (0x00000000ebbeeaf8) thrown at [C:\re\workspace\8-2-build-windows-amd64-cygwin\jdk8u60\4407\hotspot\src\share\vm\interpreter\interpreterRuntime.cpp, line 366]
Event: 7.929 Thread 0x0000000016576000 Exception <a 'java/lang/ArrayIndexOutOfBoundsException'> (0x00000000ebbf0678) thrown at [C:\re\workspace\8-2-build-windows-amd64-cygwin\jdk8u60\4407\hotspot\src\share\vm\runtime\sharedRuntime.cpp, line 605]
Event: 7.930 Thread 0x0000000016576000 Exception <a 'java/lang/ArrayIndexOutOfBoundsException'> (0x00000000ebbf1960) thrown at [C:\re\workspace\8-2-build-windows-amd64-cygwin\jdk8u60\4407\hotspot\src\share\vm\runtime\sharedRuntime.cpp, line 605]

Events (10 events):
Event: 24.130 Thread 0x0000000002190800 DEOPT UNPACKING pc=0x00000000022d787f sp=0x000000000208eed8 mode 0
Event: 24.149 Thread 0x0000000002190800 DEOPT PACKING pc=0x0000000002def295 sp=0x000000000208f250
Event: 24.149 Thread 0x0000000002190800 DEOPT UNPACKING pc=0x00000000022d787f sp=0x000000000208efc0 mode 0
Event: 24.157 Thread 0x0000000002190800 DEOPT PACKING pc=0x0000000002deffdb sp=0x000000000208f170
Event: 24.157 Thread 0x0000000002190800 DEOPT UNPACKING pc=0x00000000022d787f sp=0x000000000208eef0 mode 0
Event: 24.199 Thread 0x0000000002190800 DEOPT PACKING pc=0x0000000002dfca02 sp=0x000000000208efb0
Event: 24.199 Thread 0x0000000002190800 DEOPT UNPACKING pc=0x00000000022d787f sp=0x000000000208ed68 mode 0
Event: 24.262 Thread 0x0000000002190800 Uncommon trap: trap_request=0xffffff65 fr.pc=0x0000000002e54c9c
Event: 24.262 Thread 0x0000000002190800 DEOPT PACKING pc=0x0000000002e54c9c sp=0x000000000208ef20
Event: 24.262 Thread 0x0000000002190800 DEOPT UNPACKING pc=0x00000000022d582a sp=0x000000000208ee98 mode 2


Dynamic libraries:
0x00007ff775fd0000 - 0x00007ff776007000 	C:\Program Files\Java\jdk1.8.0_60\bin\java.exe
0x00007ffb3e0f0000 - 0x00007ffb3e2b1000 	C:\WINDOWS\SYSTEM32\ntdll.dll
0x00007ffb3ca80000 - 0x00007ffb3cb2d000 	C:\WINDOWS\system32\KERNEL32.DLL
0x00007ffb3b240000 - 0x00007ffb3b428000 	C:\WINDOWS\system32\KERNELBASE.dll
0x00007ffb3c600000 - 0x00007ffb3c6a7000 	C:\WINDOWS\system32\ADVAPI32.dll
0x00007ffb3c750000 - 0x00007ffb3c7ed000 	C:\WINDOWS\system32\msvcrt.dll
0x00007ffb3c5a0000 - 0x00007ffb3c5fb000 	C:\WINDOWS\system32\sechost.dll
0x00007ffb3b670000 - 0x00007ffb3b78c000 	C:\WINDOWS\system32\RPCRT4.dll
0x00007ffb3b4f0000 - 0x00007ffb3b646000 	C:\WINDOWS\system32\USER32.dll
0x00007ffb3c860000 - 0x00007ffb3c9e6000 	C:\WINDOWS\system32\GDI32.dll
0x00007ffb33850000 - 0x00007ffb33ac4000 	C:\WINDOWS\WinSxS\amd64_microsoft.windows.common-controls_6595b64144ccf1df_6.0.10586.0_none_8c15ae12515e1c22\COMCTL32.dll
0x00007ffb3bd20000 - 0x00007ffb3bf9d000 	C:\WINDOWS\system32\combase.dll
0x00007ffb3a7a0000 - 0x00007ffb3a80a000 	C:\WINDOWS\system32\bcryptPrimitives.dll
0x00007ffb3c6b0000 - 0x00007ffb3c6eb000 	C:\WINDOWS\system32\IMM32.DLL
0x00007ffb3a260000 - 0x00007ffb3a291000 	C:\WINDOWS\system32\nvinitx.dll
0x00007ffb3a250000 - 0x00007ffb3a25a000 	C:\WINDOWS\SYSTEM32\VERSION.dll
0x0000000071c80000 - 0x0000000071c86000 	C:\Program Files\NVIDIA Corporation\CoProcManager\_etoured.dll
0x00007ffb35730000 - 0x00007ffb35763000 	C:\Program Files\NVIDIA Corporation\CoProcManager\nvd3d9wrapx.dll
0x00007ffb3b790000 - 0x00007ffb3bbb9000 	C:\WINDOWS\system32\SETUPAPI.dll
0x00007ffb3afc0000 - 0x00007ffb3b003000 	C:\WINDOWS\system32\CFGMGR32.dll
0x00007ffb356f0000 - 0x00007ffb35712000 	C:\Program Files\NVIDIA Corporation\CoProcManager\nvdxgiwrapx.dll
0x00000000707e0000 - 0x00000000708b2000 	C:\Program Files\Java\jdk1.8.0_60\jre\bin\msvcr100.dll
0x000000006ff50000 - 0x00000000707d9000 	C:\Program Files\Java\jdk1.8.0_60\jre\bin\server\jvm.dll
0x00007ffb3ca70000 - 0x00007ffb3ca78000 	C:\WINDOWS\system32\PSAPI.DLL
0x00007ffb310a0000 - 0x00007ffb310a9000 	C:\WINDOWS\SYSTEM32\WSOCK32.dll
0x00007ffb3c7f0000 - 0x00007ffb3c85b000 	C:\WINDOWS\system32\WS2_32.dll
0x00007ffb38b30000 - 0x00007ffb38b53000 	C:\WINDOWS\SYSTEM32\WINMM.dll
0x00007ffb38ad0000 - 0x00007ffb38afc000 	C:\WINDOWS\SYSTEM32\WINMMBASE.dll
0x000000006ff40000 - 0x000000006ff4f000 	C:\Program Files\Java\jdk1.8.0_60\jre\bin\verify.dll
0x000000006ff10000 - 0x000000006ff39000 	C:\Program Files\Java\jdk1.8.0_60\jre\bin\java.dll
0x000000006fef0000 - 0x000000006ff06000 	C:\Program Files\Java\jdk1.8.0_60\jre\bin\zip.dll
0x00007ffb3cb90000 - 0x00007ffb3e0ef000 	C:\WINDOWS\system32\SHELL32.dll
0x00007ffb3a810000 - 0x00007ffb3ae54000 	C:\WINDOWS\system32\windows.storage.dll
0x00007ffb3c6f0000 - 0x00007ffb3c742000 	C:\WINDOWS\system32\shlwapi.dll
0x00007ffb3a770000 - 0x00007ffb3a77f000 	C:\WINDOWS\system32\kernel.appcore.dll
0x00007ffb3b430000 - 0x00007ffb3b4e5000 	C:\WINDOWS\system32\shcore.dll
0x00007ffb3a720000 - 0x00007ffb3a76b000 	C:\WINDOWS\system32\powrprof.dll
0x00007ffb3a780000 - 0x00007ffb3a794000 	C:\WINDOWS\system32\profapi.dll

VM Arguments:
jvm_args: -Djava.awt.headless=true -Xmx1024M -Dfile.encoding=windows-1252 -Duser.country=FR -Duser.language=fr -Duser.variant 
java_command: com.android.dx.command.Main --dex --num-threads=4 --output C:\Users\Benjamin\Documents\GitHub\imgur_project\ImgurProject\app\build\intermediates\pre-dexed\debug\com.android.support-appcompat-v7-23.1.1_cf8d0663a456de0730897d8b19a21f46877ff6a8.jar C:\Users\Benjamin\Documents\GitHub\imgur_project\ImgurProject\app\build\intermediates\exploded-aar\com.android.support\appcompat-v7\23.1.1\jars\classes.jar
java_class_path (initial): C:\Users\Benjamin\AppData\Local\Android\sdk\build-tools\23.0.2\lib\dx.jar
Launcher Type: SUN_STANDARD

Environment Variables:
PATH=C:\ProgramData\Oracle\Java\javapath;C:\WINDOWS\system32;C:\WINDOWS;C:\WINDOWS\System32\Wbem;C:\WINDOWS\System32\WindowsPowerShell\v1.0\;C:\Program Files (x86)\NVIDIA Corporation\PhysX\Common;C:\WINDOWS\system32;C:\WINDOWS;C:\WINDOWS\System32\Wbem;C:\Program Files\FileBot\;C:\Program Files (x86)\Skype\Phone\
USERNAME=Benjamin
OS=Windows_NT
PROCESSOR_IDENTIFIER=Intel64 Family 6 Model 42 Stepping 7, GenuineIntel



---------------  S Y S T E M  ---------------

OS: Windows 10.0 , 64 bit Build 10586 (10.0.10586.0)

CPU:total 4 (2 cores per cpu, 2 threads per core) family 6 model 42 stepping 7, cmov, cx8, fxsr, mmx, sse, sse2, sse3, ssse3, sse4.1, sse4.2, popcnt, avx, aes, clmul, ht, tsc, tscinvbit

Memory: 4k page, physical 6139756k(335876k free), swap 7824236k(1720k free)

vm_info: Java HotSpot(TM) 64-Bit Server VM (25.60-b23) for windows-amd64 JRE (1.8.0_60-b27), built on Aug  4 2015 11:06:27 by "java_re" with MS VC++ 10.0 (VS2010)

time: Tue Jan 05 15:36:20 2016
elapsed time: 24 seconds (0d 0h 0m 24s)

