#
# There is insufficient memory for the Java Runtime Environment to continue.
# Native memory allocation (malloc) failed to allocate 1697216 bytes for Chunk::new
# Possible reasons:
#   The system is out of physical RAM or swap space
#   In 32 bit mode, the process size limit was hit
# Possible solutions:
#   Reduce memory load on the system
#   Increase physical memory or swap space
#   Check if swap backing store is full
#   Use 64 bit Java on a 64 bit OS
#   Decrease Java heap size (-Xmx/-Xms)
#   Decrease number of Java threads
#   Decrease Java thread stack sizes (-Xss)
#   Set larger code cache with -XX:ReservedCodeCacheSize=
# This output file may be truncated or incomplete.
#
#  Out of Memory Error (allocation.cpp:390), pid=6152, tid=5152
#
# JRE version: Java(TM) SE Runtime Environment (8.0_60-b27) (build 1.8.0_60-b27)
# Java VM: Java HotSpot(TM) 64-Bit Server VM (25.60-b23 mixed mode windows-amd64 compressed oops)
# Failed to write core dump. Minidumps are not enabled by default on client versions of Windows
#

---------------  T H R E A D  ---------------

Current thread (0x00000000148e0800):  JavaThread "C2 CompilerThread1" daemon [_thread_in_native, id=5152, stack(0x0000000016050000,0x0000000016150000)]

Stack: [0x0000000016050000,0x0000000016150000]
[error occurred during error reporting (printing stack bounds), id 0xc0000005]

Native frames: (J=compiled Java code, j=interpreted, Vv=VM code, C=native code)


Current CompileTask:
C2:  11910 1826       4       com.android.dx.rop.code.Rops::ropFor (771 bytes)


---------------  P R O C E S S  ---------------

Java Threads: ( => current thread )
  0x00000000164a9800 JavaThread "pool-1-thread-4" [_thread_in_Java, id=7048, stack(0x0000000016c50000,0x0000000016d50000)]
  0x00000000164a8000 JavaThread "pool-1-thread-3" [_thread_blocked, id=2596, stack(0x0000000016b50000,0x0000000016c50000)]
  0x000000001650f800 JavaThread "pool-1-thread-2" [_thread_blocked, id=7124, stack(0x0000000016a50000,0x0000000016b50000)]
  0x000000001650c000 JavaThread "pool-2-thread-1" [_thread_blocked, id=5960, stack(0x0000000016950000,0x0000000016a50000)]
  0x00000000164fd800 JavaThread "pool-1-thread-1" [_thread_in_Java, id=2984, stack(0x0000000016850000,0x0000000016950000)]
  0x000000001493e000 JavaThread "Service Thread" daemon [_thread_blocked, id=932, stack(0x0000000016650000,0x0000000016750000)]
  0x0000000014939800 JavaThread "C1 CompilerThread2" daemon [_thread_blocked, id=4328, stack(0x0000000016150000,0x0000000016250000)]
=>0x00000000148e0800 JavaThread "C2 CompilerThread1" daemon [_thread_in_native, id=5152, stack(0x0000000016050000,0x0000000016150000)]
  0x00000000148da800 JavaThread "C2 CompilerThread0" daemon [_thread_in_native, id=1596, stack(0x0000000015f50000,0x0000000016050000)]
  0x00000000148d9000 JavaThread "Attach Listener" daemon [_thread_blocked, id=4492, stack(0x0000000015e50000,0x0000000015f50000)]
  0x00000000148d8000 JavaThread "Signal Dispatcher" daemon [_thread_blocked, id=4076, stack(0x0000000015d50000,0x0000000015e50000)]
  0x0000000002200800 JavaThread "Finalizer" daemon [_thread_blocked, id=4296, stack(0x0000000015b40000,0x0000000015c40000)]
  0x00000000021fd000 JavaThread "Reference Handler" daemon [_thread_blocked, id=3284, stack(0x0000000015a40000,0x0000000015b40000)]
  0x0000000002110800 JavaThread "main" [_thread_in_native, id=2464, stack(0x0000000001fa0000,0x00000000020a0000)]

Other Threads:
  0x00000000148a7800 VMThread [stack: 0x0000000015940000,0x0000000015a40000] [id=6972]
  0x000000001625a800 WatcherThread [stack: 0x0000000016750000,0x0000000016850000] [id=4772]

VM state:not at safepoint (normal execution)

VM Mutex/Monitor currently owned by a thread: None

Heap:
 PSYoungGen      total 52736K, used 50683K [0x00000000eab00000, 0x00000000f1200000, 0x0000000100000000)
  eden space 49152K, 95% used [0x00000000eab00000,0x00000000ed906e60,0x00000000edb00000)
  from space 3584K, 99% used [0x00000000edb00000,0x00000000ede78068,0x00000000ede80000)
  to   space 3584K, 0% used [0x00000000f0e80000,0x00000000f0e80000,0x00000000f1200000)
 ParOldGen       total 64512K, used 12386K [0x00000000c0000000, 0x00000000c3f00000, 0x00000000eab00000)
  object space 64512K, 19% used [0x00000000c0000000,0x00000000c0c18888,0x00000000c3f00000)
 Metaspace       used 6327K, capacity 7192K, committed 7424K, reserved 1056768K
  class space    used 617K, capacity 656K, committed 768K, reserved 1048576K

Card table byte_map: [0x00000000115d0000,0x00000000117e0000] byte_map_base: 0x0000000010fd0000

Marking Bits: (ParMarkBitMap*) 0x000000007075a5b0
 Begin Bits: [0x0000000011d40000, 0x0000000012d40000)
 End Bits:   [0x0000000012d40000, 0x0000000013d40000)

Polling page: 0x0000000000520000

CodeCache: size=245760Kb used=7668Kb max_used=7668Kb free=238091Kb
 bounds [0x0000000002210000, 0x00000000029a0000, 0x0000000011210000]
 total_blobs=2067 nmethods=1799 adapters=180
 compilation: enabled

Compilation events (10 events):
Event: 11.686 Thread 0x0000000014939800 1840 %     3       com.android.dx.dex.code.RopTranslator::outputInstructions @ 19 (69 bytes)
Event: 11.687 Thread 0x0000000014939800 nmethod 1840% 0x0000000002985bd0 code [0x0000000002985d60, 0x0000000002986258]
Event: 11.687 Thread 0x0000000014939800 1841       3       com.android.dx.dex.code.RopTranslator::outputInstructions (69 bytes)
Event: 11.687 Thread 0x0000000014939800 nmethod 1841 0x00000000029864d0 code [0x0000000002986660, 0x0000000002986ab8]
Event: 11.688 Thread 0x0000000014939800 1842       3       com.android.dx.rop.annotation.Annotations::<init> (16 bytes)
Event: 11.688 Thread 0x0000000014939800 nmethod 1842 0x0000000002986c90 code [0x0000000002986e20, 0x00000000029871d0]
Event: 11.688 Thread 0x0000000014939800 1843       3       com.android.dx.cf.direct.DirectClassFile::parseToEndIfNecessary (12 bytes)
Event: 11.688 Thread 0x0000000014939800 nmethod 1843 0x0000000002949050 code [0x00000000029491c0, 0x0000000002949388]
Event: 11.717 Thread 0x0000000014939800 1851       2       com.android.dx.cf.code.Simulator::requiredArrayTypeFor (61 bytes)
Event: 11.718 Thread 0x0000000014939800 nmethod 1851 0x0000000002987390 code [0x0000000002987540, 0x0000000002987838]

GC Heap History (6 events):
Event: 3.586 GC heap before
{Heap before GC invocations=1 (full 0):
 PSYoungGen      total 28160K, used 24576K [0x00000000eab00000, 0x00000000eca00000, 0x0000000100000000)
  eden space 24576K, 100% used [0x00000000eab00000,0x00000000ec300000,0x00000000ec300000)
  from space 3584K, 0% used [0x00000000ec680000,0x00000000ec680000,0x00000000eca00000)
  to   space 3584K, 0% used [0x00000000ec300000,0x00000000ec300000,0x00000000ec680000)
 ParOldGen       total 64512K, used 0K [0x00000000c0000000, 0x00000000c3f00000, 0x00000000eab00000)
  object space 64512K, 0% used [0x00000000c0000000,0x00000000c0000000,0x00000000c3f00000)
 Metaspace       used 5883K, capacity 6832K, committed 7040K, reserved 1056768K
  class space    used 595K, capacity 616K, committed 640K, reserved 1048576K
Event: 3.983 GC heap after
Heap after GC invocations=1 (full 0):
 PSYoungGen      total 28160K, used 3579K [0x00000000eab00000, 0x00000000ee200000, 0x0000000100000000)
  eden space 24576K, 0% used [0x00000000eab00000,0x00000000eab00000,0x00000000ec300000)
  from space 3584K, 99% used [0x00000000ec300000,0x00000000ec67efd0,0x00000000ec680000)
  to   space 3584K, 0% used [0x00000000ede80000,0x00000000ede80000,0x00000000ee200000)
 ParOldGen       total 64512K, used 1751K [0x00000000c0000000, 0x00000000c3f00000, 0x00000000eab00000)
  object space 64512K, 2% used [0x00000000c0000000,0x00000000c01b5cb8,0x00000000c3f00000)
 Metaspace       used 5883K, capacity 6832K, committed 7040K, reserved 1056768K
  class space    used 595K, capacity 616K, committed 640K, reserved 1048576K
}
Event: 5.179 GC heap before
{Heap before GC invocations=2 (full 0):
 PSYoungGen      total 28160K, used 28155K [0x00000000eab00000, 0x00000000ee200000, 0x0000000100000000)
  eden space 24576K, 100% used [0x00000000eab00000,0x00000000ec300000,0x00000000ec300000)
  from space 3584K, 99% used [0x00000000ec300000,0x00000000ec67efd0,0x00000000ec680000)
  to   space 3584K, 0% used [0x00000000ede80000,0x00000000ede80000,0x00000000ee200000)
 ParOldGen       total 64512K, used 1751K [0x00000000c0000000, 0x00000000c3f00000, 0x00000000eab00000)
  object space 64512K, 2% used [0x00000000c0000000,0x00000000c01b5cb8,0x00000000c3f00000)
 Metaspace       used 6053K, capacity 6960K, committed 7040K, reserved 1056768K
  class space    used 595K, capacity 616K, committed 640K, reserved 1048576K
Event: 5.732 GC heap after
Heap after GC invocations=2 (full 0):
 PSYoungGen      total 52736K, used 3559K [0x00000000eab00000, 0x00000000ee200000, 0x0000000100000000)
  eden space 49152K, 0% used [0x00000000eab00000,0x00000000eab00000,0x00000000edb00000)
  from space 3584K, 99% used [0x00000000ede80000,0x00000000ee1f9c78,0x00000000ee200000)
  to   space 3584K, 0% used [0x00000000edb00000,0x00000000edb00000,0x00000000ede80000)
 ParOldGen       total 64512K, used 5428K [0x00000000c0000000, 0x00000000c3f00000, 0x00000000eab00000)
  object space 64512K, 8% used [0x00000000c0000000,0x00000000c054d1f8,0x00000000c3f00000)
 Metaspace       used 6053K, capacity 6960K, committed 7040K, reserved 1056768K
  class space    used 595K, capacity 616K, committed 640K, reserved 1048576K
}
Event: 9.214 GC heap before
{Heap before GC invocations=3 (full 0):
 PSYoungGen      total 52736K, used 52711K [0x00000000eab00000, 0x00000000ee200000, 0x0000000100000000)
  eden space 49152K, 100% used [0x00000000eab00000,0x00000000edb00000,0x00000000edb00000)
  from space 3584K, 99% used [0x00000000ede80000,0x00000000ee1f9c78,0x00000000ee200000)
  to   space 3584K, 0% used [0x00000000edb00000,0x00000000edb00000,0x00000000ede80000)
 ParOldGen       total 64512K, used 5428K [0x00000000c0000000, 0x00000000c3f00000, 0x00000000eab00000)
  object space 64512K, 8% used [0x00000000c0000000,0x00000000c054d1f8,0x00000000c3f00000)
 Metaspace       used 6288K, capacity 7128K, committed 7424K, reserved 1056768K
  class space    used 616K, capacity 656K, committed 768K, reserved 1048576K
Event: 9.508 GC heap after
Heap after GC invocations=3 (full 0):
 PSYoungGen      total 52736K, used 3552K [0x00000000eab00000, 0x00000000f1200000, 0x0000000100000000)
  eden space 49152K, 0% used [0x00000000eab00000,0x00000000eab00000,0x00000000edb00000)
  from space 3584K, 99% used [0x00000000edb00000,0x00000000ede78068,0x00000000ede80000)
  to   space 3584K, 0% used [0x00000000f0e80000,0x00000000f0e80000,0x00000000f1200000)
 ParOldGen       total 64512K, used 12386K [0x00000000c0000000, 0x00000000c3f00000, 0x00000000eab00000)
  object space 64512K, 19% used [0x00000000c0000000,0x00000000c0c18888,0x00000000c3f00000)
 Metaspace       used 6288K, capacity 7128K, committed 7424K, reserved 1056768K
  class space    used 616K, capacity 656K, committed 768K, reserved 1048576K
}

Deoptimization events (10 events):
Event: 8.992 Thread 0x00000000164a8000 Uncommon trap: reason=class_check action=maybe_recompile pc=0x00000000027cc054 method=com.android.dx.rop.cst.CstLiteral32.equals(Ljava/lang/Object;)Z @ 20
Event: 8.992 Thread 0x00000000164a8000 Uncommon trap: reason=class_check action=maybe_recompile pc=0x00000000027cc054 method=com.android.dx.rop.cst.CstLiteral32.equals(Ljava/lang/Object;)Z @ 20
Event: 9.649 Thread 0x00000000164a9800 Uncommon trap: reason=bimorphic action=maybe_recompile pc=0x00000000028ceee0 method=com.android.dx.cf.code.BytecodeArray.parseInstruction(ILcom/android/dx/cf/code/BytecodeArray$Visitor;)I @ 2484
Event: 9.649 Thread 0x00000000164a9800 Uncommon trap: reason=bimorphic action=maybe_recompile pc=0x00000000028ceee0 method=com.android.dx.cf.code.BytecodeArray.parseInstruction(ILcom/android/dx/cf/code/BytecodeArray$Visitor;)I @ 2484
Event: 9.710 Thread 0x00000000164fd800 Uncommon trap: reason=unstable_if action=reinterpret pc=0x00000000027498b4 method=com.android.dx.ssa.SsaBasicBlock.scheduleMovesFromPhis()V @ 63
Event: 9.718 Thread 0x00000000164fd800 Uncommon trap: reason=unstable_if action=reinterpret pc=0x00000000028c1188 method=com.android.dx.dex.code.OutputFinisher.hasLocalInfo(Lcom/android/dx/dex/code/DalvInsn;)Z @ 24
Event: 9.718 Thread 0x00000000164fd800 Uncommon trap: reason=unstable_if action=reinterpret pc=0x000000000266bef8 method=com.android.dx.dex.code.OutputFinisher.hasLocalInfo(Lcom/android/dx/dex/code/DalvInsn;)Z @ 24
Event: 11.181 Thread 0x0000000002110800 Uncommon trap: reason=unstable_if action=reinterpret pc=0x0000000002802db0 method=com.android.dx.ssa.SCCP.simulateStmt(Lcom/android/dx/ssa/SsaInsn;)V @ 59
Event: 11.338 Thread 0x0000000002110800 Uncommon trap: reason=unstable_if action=reinterpret pc=0x0000000002921a2c method=com.android.dx.cf.code.ExecutionStack.<init>(I)V @ 2
Event: 11.674 Thread 0x000000001650f800 Uncommon trap: reason=unstable_if action=reinterpret pc=0x00000000028e5104 method=java.util.HashMap.putVal(ILjava/lang/Object;Ljava/lang/Object;ZZ)Ljava/lang/Object; @ 109

Internal exceptions (7 events):
Event: 0.134 Thread 0x0000000002110800 Exception <a 'java/lang/NoSuchMethodError': Method sun.misc.Unsafe.defineClass(Ljava/lang/String;[BII)Ljava/lang/Class; name or signature does not match> (0x00000000eab0d3b8) thrown at [C:\re\workspace\8-2-build-windows-amd64-cygwin\jdk8u60\4407\hotspot\sr›¨jä>3Á?
Event: 0.134 Thread 0x0000000002110800 Exception <a 'java/lang/NoSuchMethodError': Method sun.misc.Unsafe.prefetchRead(Ljava/lang/Object;J)V name or signature does not match> (0x00000000eab0d6a0) thrown at [C:\re\workspace\8-2-build-windows-amd64-cygwin\jdk8u60\4407\hotspot\src\share\vm\prims\jmpIðóh@
Event: 2.926 Thread 0x00000000164a8000 Implicit null exception at 0x0000000002547cd7 to 0x000000000254940d
Event: 3.139 Thread 0x0000000002110800 Implicit null exception at 0x000000000251cb8d to 0x000000000251e1c5
Event: 7.829 Thread 0x00000000164fd800 Exception <a 'java/lang/ArrayIndexOutOfBoundsException': 18> (0x00000000ecef69c8) thrown at [C:\re\workspace\8-2-build-windows-amd64-cygwin\jdk8u60\4407\hotspot\src\share\vm\interpreter\interpreterRuntime.cpp, line 366]
Event: 7.829 Thread 0x00000000164fd800 Exception <a 'java/lang/ArrayIndexOutOfBoundsException'> (0x00000000ecef8548) thrown at [C:\re\workspace\8-2-build-windows-amd64-cygwin\jdk8u60\4407\hotspot\src\share\vm\runtime\sharedRuntime.cpp, line 605]
Event: 7.830 Thread 0x00000000164fd800 Exception <a 'java/lang/ArrayIndexOutOfBoundsException'> (0x00000000ecef9830) thrown at [C:\re\workspace\8-2-build-windows-amd64-cygwin\jdk8u60\4407\hotspot\src\share\vm\runtime\sharedRuntime.cpp, line 605]

Events (10 events):
Event: 11.338 Thread 0x0000000002110800 DEOPT UNPACKING pc=0x000000000225582a sp=0x000000000209e3a8 mode 2
Event: 11.373 Thread 0x0000000002110800 DEOPT PACKING pc=0x00000000027452eb sp=0x000000000209e700
Event: 11.373 Thread 0x0000000002110800 DEOPT UNPACKING pc=0x000000000225787f sp=0x000000000209e450 mode 0
Event: 11.674 Thread 0x000000001650f800 Uncommon trap: trap_request=0xffffff65 fr.pc=0x00000000028e5104
Event: 11.674 Thread 0x000000001650f800 DEOPT PACKING pc=0x00000000028e5104 sp=0x0000000016b4e8b0
Event: 11.674 Thread 0x000000001650f800 DEOPT UNPACKING pc=0x000000000225582a sp=0x0000000016b4e758 mode 2
Event: 11.686 Thread 0x000000001650f800 DEOPT PACKING pc=0x0000000002746ab2 sp=0x0000000016b4ea90
Event: 11.686 Thread 0x000000001650f800 DEOPT UNPACKING pc=0x000000000225787f sp=0x0000000016b4e858 mode 0
Event: 11.687 Thread 0x000000001650f800 DEOPT PACKING pc=0x0000000002747845 sp=0x0000000016b4ec00
Event: 11.687 Thread 0x000000001650f800 DEOPT UNPACKING pc=0x000000000225787f sp=0x0000000016b4e938 mode 0


Dynamic libraries:
0x00007ff775fd0000 - 0x00007ff776007000 	C:\Program Files\Java\jdk1.8.0_60\bin\java.exe
0x00007ffb3e0f0000 - 0x00007ffb3e2b1000 	C:\WINDOWS\SYSTEM32\ntdll.dll
0x00007ffb3ca80000 - 0x00007ffb3cb2d000 	C:\WINDOWS\system32\KERNEL32.DLL
0x00007ffb3b240000 - 0x00007ffb3b428000 	C:\WINDOWS\system32\KERNELBASE.dll
0x00007ffb3c600000 - 0x00007ffb3c6a7000 	C:\WINDOWS\system32\ADVAPI32.dll
0x00007ffb3c750000 - 0x00007ffb3c7ed000 	C:\WINDOWS\system32\msvcrt.dll
0x00007ffb3c5a0000 - 0x00007ffb3c5fb000 	C:\WINDOWS\system32\sechost.dll
0x00007ffb3b670000 - 0x00007ffb3b78c000 	C:\WINDOWS\system32\RPCRT4.dll
0x00007ffb3b4f0000 - 0x00007ffb3b646000 	C:\WINDOWS\system32\USER32.dll
0x00007ffb3c860000 - 0x00007ffb3c9e6000 	C:\WINDOWS\system32\GDI32.dll
0x00007ffb33850000 - 0x00007ffb33ac4000 	C:\WINDOWS\WinSxS\amd64_microsoft.windows.common-controls_6595b64144ccf1df_6.0.10586.0_none_8c15ae12515e1c22\COMCTL32.dll
0x00007ffb3bd20000 - 0x00007ffb3bf9d000 	C:\WINDOWS\system32\combase.dll
0x00007ffb3a7a0000 - 0x00007ffb3a80a000 	C:\WINDOWS\system32\bcryptPrimitives.dll
0x00007ffb3c6b0000 - 0x00007ffb3c6eb000 	C:\WINDOWS\system32\IMM32.DLL
0x00007ffb3a260000 - 0x00007ffb3a291000 	C:\WINDOWS\system32\nvinitx.dll
0x00007ffb3a250000 - 0x00007ffb3a25a000 	C:\WINDOWS\SYSTEM32\VERSION.dll
0x0000000071c80000 - 0x0000000071c86000 	C:\Program Files\NVIDIA Corporation\CoProcManager\_etoured.dll
0x00007ffb35730000 - 0x00007ffb35763000 	C:\Program Files\NVIDIA Corporation\CoProcManager\nvd3d9wrapx.dll
0x00007ffb3b790000 - 0x00007ffb3bbb9000 	C:\WINDOWS\system32\SETUPAPI.dll
0x00007ffb3afc0000 - 0x00007ffb3b003000 	C:\WINDOWS\system32\CFGMGR32.dll
0x00007ffb356f0000 - 0x00007ffb35712000 	C:\Program Files\NVIDIA Corporation\CoProcManager\nvdxgiwrapx.dll
0x00000000707e0000 - 0x00000000708b2000 	C:\Program Files\Java\jdk1.8.0_60\jre\bin\msvcr100.dll
0x000000006ff50000 - 0x00000000707d9000 	C:\Program Files\Java\jdk1.8.0_60\jre\bin\server\jvm.dll
0x00007ffb3ca70000 - 0x00007ffb3ca78000 	C:\WINDOWS\system32\PSAPI.DLL
0x00007ffb310a0000 - 0x00007ffb310a9000 	C:\WINDOWS\SYSTEM32\WSOCK32.dll
0x00007ffb3c7f0000 - 0x00007ffb3c85b000 	C:\WINDOWS\system32\WS2_32.dll
0x00007ffb38b30000 - 0x00007ffb38b53000 	C:\WINDOWS\SYSTEM32\WINMM.dll
0x00007ffb38ad0000 - 0x00007ffb38afc000 	C:\WINDOWS\SYSTEM32\WINMMBASE.dll
0x000000006ff40000 - 0x000000006ff4f000 	C:\Program Files\Java\jdk1.8.0_60\jre\bin\verify.dll
0x000000006ff10000 - 0x000000006ff39000 	C:\Program Files\Java\jdk1.8.0_60\jre\bin\java.dll
0x000000006fef0000 - 0x000000006ff06000 	C:\Program Files\Java\jdk1.8.0_60\jre\bin\zip.dll
0x00007ffb3cb90000 - 0x00007ffb3e0ef000 	C:\WINDOWS\system32\SHELL32.dll
0x00007ffb3a810000 - 0x00007ffb3ae54000 	C:\WINDOWS\system32\windows.storage.dll
0x00007ffb3c6f0000 - 0x00007ffb3c742000 	C:\WINDOWS\system32\shlwapi.dll
0x00007ffb3a770000 - 0x00007ffb3a77f000 	C:\WINDOWS\system32\kernel.appcore.dll
0x00007ffb3b430000 - 0x00007ffb3b4e5000 	C:\WINDOWS\system32\shcore.dll
0x00007ffb3a720000 - 0x00007ffb3a76b000 	C:\WINDOWS\system32\powrprof.dll
0x00007ffb3a780000 - 0x00007ffb3a794000 	C:\WINDOWS\system32\profapi.dll

VM Arguments:
jvm_args: -Djava.awt.headless=true -Xmx1024M -Dfile.encoding=windows-1252 -Duser.country=FR -Duser.language=fr -Duser.variant 
java_command: com.android.dx.command.Main --dex --num-threads=4 --output C:\Users\Benjamin\Documents\GitHub\imgur_project\ImgurProject\app\build\intermediates\pre-dexed\debug\okhttp-2.5.0_432b7d19db02cf2a9ce8d96fa31954a45012d4ce.jar C:\Users\Benjamin\.gradle\caches\modules-2\files-2.1\com.squareup.okhttp\okhttp\2.5.0\4de2b4ed3445c37ec1720a7d214712e845a24636\okhttp-2.5.0.jar
java_class_path (initial): C:\Users\Benjamin\AppData\Local\Android\sdk\build-tools\23.0.2\lib\dx.jar
Launcher Type: SUN_STANDARD

Environment Variables:
PATH=C:\ProgramData\Oracle\Java\javapath;C:\WINDOWS\system32;C:\WINDOWS;C:\WINDOWS\System32\Wbem;C:\WINDOWS\System32\WindowsPowerShell\v1.0\;C:\Program Files (x86)\NVIDIA Corporation\PhysX\Common;C:\WINDOWS\system32;C:\WINDOWS;C:\WINDOWS\System32\Wbem;C:\Program Files\FileBot\;C:\Program Files (x86)\Skype\Phone\
USERNAME=Benjamin
OS=Windows_NT
PROCESSOR_IDENTIFIER=Intel64 Family 6 Model 42 Stepping 7, GenuineIntel



---------------  S Y S T E M  ---------------

OS: Windows 10.0 , 64 bit Build 10586 (10.0.10586.0)

CPU:total 4 (2 cores per cpu, 2 threads per core) family 6 model 42 stepping 7, cmov, cx8, fxsr, mmx, sse, sse2, sse3, ssse3, sse4.1, sse4.2, popcnt, avx, aes, clmul, ht, tsc, tscinvbit

Memory: 4k page, physical 6139756k(884420k free), swap 7824236k(3928k free)

vm_info: Java HotSpot(TM) 64-Bit Server VM (25.60-b23) for windows-amd64 JRE (1.8.0_60-b27), built on Aug  4 2015 11:06:27 by "java_re" with MS VC++ 10.0 (VS2010)

time: Tue Jan 05 15:32:58 2016
elapsed time: 11 seconds (0d 0h 0m 11s)

