#
# There is insufficient memory for the Java Runtime Environment to continue.
# Native memory allocation (malloc) failed to allocate 262160 bytes for Chunk::new
# Possible reasons:
#   The system is out of physical RAM or swap space
#   In 32 bit mode, the process size limit was hit
# Possible solutions:
#   Reduce memory load on the system
#   Increase physical memory or swap space
#   Check if swap backing store is full
#   Use 64 bit Java on a 64 bit OS
#   Decrease Java heap size (-Xmx/-Xms)
#   Decrease number of Java threads
#   Decrease Java thread stack sizes (-Xss)
#   Set larger code cache with -XX:ReservedCodeCacheSize=
# This output file may be truncated or incomplete.
#
#  Out of Memory Error (allocation.cpp:390), pid=4348, tid=5164
#
# JRE version: Java(TM) SE Runtime Environment (8.0_60-b27) (build 1.8.0_60-b27)
# Java VM: Java HotSpot(TM) 64-Bit Server VM (25.60-b23 mixed mode windows-amd64 compressed oops)
# Failed to write core dump. Minidumps are not enabled by default on client versions of Windows
#

---------------  T H R E A D  ---------------

Current thread (0x0000000014979800):  JavaThread "C2 CompilerThread0" daemon [_thread_in_native, id=5164, stack(0x0000000016020000,0x0000000016120000)]

Stack: [0x0000000016020000,0x0000000016120000]
[error occurred during error reporting (printing stack bounds), id 0xc0000005]

Native frames: (J=compiled Java code, j=interpreted, Vv=VM code, C=native code)


Current CompileTask:
C2:  24262 1737   !   4       com.android.dx.cf.code.Ropper::processBlock (1101 bytes)


---------------  P R O C E S S  ---------------

Java Threads: ( => current thread )
  0x0000000016323800 JavaThread "Service Thread" daemon [_thread_blocked, id=6188, stack(0x0000000016720000,0x0000000016820000)]
  0x00000000149d8800 JavaThread "C1 CompilerThread2" daemon [_thread_blocked, id=6960, stack(0x0000000016220000,0x0000000016320000)]
  0x00000000149d5800 JavaThread "C2 CompilerThread1" daemon [_thread_in_native, id=936, stack(0x0000000016120000,0x0000000016220000)]
=>0x0000000014979800 JavaThread "C2 CompilerThread0" daemon [_thread_in_native, id=5164, stack(0x0000000016020000,0x0000000016120000)]
  0x0000000014978000 JavaThread "Attach Listener" daemon [_thread_blocked, id=6608, stack(0x0000000015f20000,0x0000000016020000)]
  0x0000000014977000 JavaThread "Signal Dispatcher" daemon [_thread_blocked, id=6036, stack(0x0000000015e20000,0x0000000015f20000)]
  0x00000000022a0800 JavaThread "Finalizer" daemon [_thread_blocked, id=5472, stack(0x0000000015c10000,0x0000000015d10000)]
  0x000000000229d000 JavaThread "Reference Handler" daemon [_thread_blocked, id=4492, stack(0x0000000015b10000,0x0000000015c10000)]
  0x00000000021b0800 JavaThread "main" [_thread_in_Java, id=5368, stack(0x0000000001fb0000,0x00000000020b0000)]

Other Threads:
  0x0000000014947800 VMThread [stack: 0x0000000015a10000,0x0000000015b10000] [id=4888]
  0x000000001632c800 WatcherThread [stack: 0x0000000016820000,0x0000000016920000] [id=1292]

VM state:not at safepoint (normal execution)

VM Mutex/Monitor currently owned by a thread: None

Heap:
 PSYoungGen      total 101888K, used 54394K [0x00000000eab00000, 0x00000000f1200000, 0x0000000100000000)
  eden space 98304K, 51% used [0x00000000eab00000,0x00000000edca13a0,0x00000000f0b00000)
  from space 3584K, 99% used [0x00000000f0e80000,0x00000000f11fd5f8,0x00000000f1200000)
  to   space 3584K, 0% used [0x00000000f0b00000,0x00000000f0b00000,0x00000000f0e80000)
 ParOldGen       total 64512K, used 20679K [0x00000000c0000000, 0x00000000c3f00000, 0x00000000eab00000)
  object space 64512K, 32% used [0x00000000c0000000,0x00000000c1431f70,0x00000000c3f00000)
 Metaspace       used 6472K, capacity 7256K, committed 7424K, reserved 1056768K
  class space    used 632K, capacity 656K, committed 768K, reserved 1048576K

Card table byte_map: [0x0000000011670000,0x0000000011880000] byte_map_base: 0x0000000011070000

Marking Bits: (ParMarkBitMap*) 0x000000007075a5b0
 Begin Bits: [0x0000000011de0000, 0x0000000012de0000)
 End Bits:   [0x0000000012de0000, 0x0000000013de0000)

Polling page: 0x0000000000510000

CodeCache: size=245760Kb used=8315Kb max_used=8315Kb free=237444Kb
 bounds [0x00000000022b0000, 0x0000000002ae0000, 0x00000000112b0000]
 total_blobs=2158 nmethods=1890 adapters=180
 compilation: enabled

Compilation events (10 events):
Event: 24.042 Thread 0x00000000149d8800 1805       2       java.util.Vector::grow (57 bytes)
Event: 24.042 Thread 0x00000000149d8800 nmethod 1805 0x0000000002a901d0 code [0x0000000002a90340, 0x0000000002a905d8]
Event: 24.043 Thread 0x00000000149d8800 1806       2       com.android.dx.ssa.back.RegisterAllocator::insertMoveBefore (240 bytes)
Event: 24.046 Thread 0x00000000149d8800 nmethod 1806 0x0000000002a90790 code [0x0000000002a90aa0, 0x0000000002a91a48]
Event: 24.046 Thread 0x00000000149d8800 1807       2       java.lang.Integer::bitCount (49 bytes)
Event: 24.046 Thread 0x00000000149d8800 nmethod 1807 0x0000000002a93190 code [0x0000000002a932e0, 0x0000000002a93450]
Event: 24.050 Thread 0x00000000149d8800 1808 %     3       java.util.HashMap::resize @ 154 (359 bytes)
Event: 24.051 Thread 0x00000000149d8800 nmethod 1808% 0x0000000002a934d0 code [0x0000000002a93740, 0x0000000002a94a48]
Event: 24.055 Thread 0x00000000149d8800 1809 %     3       com.android.dx.dex.cf.CfTranslator::translate0 @ 141 (259 bytes)
Event: 24.059 Thread 0x00000000149d8800 nmethod 1809% 0x0000000002a95310 code [0x0000000002a957a0, 0x0000000002a987f8]

GC Heap History (8 events):
Event: 17.688 GC heap before
{Heap before GC invocations=1 (full 0):
 PSYoungGen      total 28160K, used 24576K [0x00000000eab00000, 0x00000000eca00000, 0x0000000100000000)
  eden space 24576K, 100% used [0x00000000eab00000,0x00000000ec300000,0x00000000ec300000)
  from space 3584K, 0% used [0x00000000ec680000,0x00000000ec680000,0x00000000eca00000)
  to   space 3584K, 0% used [0x00000000ec300000,0x00000000ec300000,0x00000000ec680000)
 ParOldGen       total 64512K, used 0K [0x00000000c0000000, 0x00000000c3f00000, 0x00000000eab00000)
  object space 64512K, 0% used [0x00000000c0000000,0x00000000c0000000,0x00000000c3f00000)
 Metaspace       used 5904K, capacity 6832K, committed 7040K, reserved 1056768K
  class space    used 596K, capacity 616K, committed 640K, reserved 1048576K
Event: 17.947 GC heap after
Heap after GC invocations=1 (full 0):
 PSYoungGen      total 28160K, used 3578K [0x00000000eab00000, 0x00000000ee200000, 0x0000000100000000)
  eden space 24576K, 0% used [0x00000000eab00000,0x00000000eab00000,0x00000000ec300000)
  from space 3584K, 99% used [0x00000000ec300000,0x00000000ec67eab8,0x00000000ec680000)
  to   space 3584K, 0% used [0x00000000ede80000,0x00000000ede80000,0x00000000ee200000)
 ParOldGen       total 64512K, used 1811K [0x00000000c0000000, 0x00000000c3f00000, 0x00000000eab00000)
  object space 64512K, 2% used [0x00000000c0000000,0x00000000c01c4fb0,0x00000000c3f00000)
 Metaspace       used 5904K, capacity 6832K, committed 7040K, reserved 1056768K
  class space    used 596K, capacity 616K, committed 640K, reserved 1048576K
}
Event: 20.291 GC heap before
{Heap before GC invocations=2 (full 0):
 PSYoungGen      total 28160K, used 28154K [0x00000000eab00000, 0x00000000ee200000, 0x0000000100000000)
  eden space 24576K, 100% used [0x00000000eab00000,0x00000000ec300000,0x00000000ec300000)
  from space 3584K, 99% used [0x00000000ec300000,0x00000000ec67eab8,0x00000000ec680000)
  to   space 3584K, 0% used [0x00000000ede80000,0x00000000ede80000,0x00000000ee200000)
 ParOldGen       total 64512K, used 1811K [0x00000000c0000000, 0x00000000c3f00000, 0x00000000eab00000)
  object space 64512K, 2% used [0x00000000c0000000,0x00000000c01c4fb0,0x00000000c3f00000)
 Metaspace       used 6084K, capacity 7024K, committed 7296K, reserved 1056768K
  class space    used 596K, capacity 616K, committed 640K, reserved 1048576K
Event: 20.817 GC heap after
Heap after GC invocations=2 (full 0):
 PSYoungGen      total 52736K, used 3565K [0x00000000eab00000, 0x00000000ee200000, 0x0000000100000000)
  eden space 49152K, 0% used [0x00000000eab00000,0x00000000eab00000,0x00000000edb00000)
  from space 3584K, 99% used [0x00000000ede80000,0x00000000ee1fb7b0,0x00000000ee200000)
  to   space 3584K, 0% used [0x00000000edb00000,0x00000000edb00000,0x00000000ede80000)
 ParOldGen       total 64512K, used 5231K [0x00000000c0000000, 0x00000000c3f00000, 0x00000000eab00000)
  object space 64512K, 8% used [0x00000000c0000000,0x00000000c051bc98,0x00000000c3f00000)
 Metaspace       used 6084K, capacity 7024K, committed 7296K, reserved 1056768K
  class space    used 596K, capacity 616K, committed 640K, reserved 1048576K
}
Event: 23.045 GC heap before
{Heap before GC invocations=3 (full 0):
 PSYoungGen      total 52736K, used 52717K [0x00000000eab00000, 0x00000000ee200000, 0x0000000100000000)
  eden space 49152K, 100% used [0x00000000eab00000,0x00000000edb00000,0x00000000edb00000)
  from space 3584K, 99% used [0x00000000ede80000,0x00000000ee1fb7b0,0x00000000ee200000)
  to   space 3584K, 0% used [0x00000000edb00000,0x00000000edb00000,0x00000000ede80000)
 ParOldGen       total 64512K, used 5231K [0x00000000c0000000, 0x00000000c3f00000, 0x00000000eab00000)
  object space 64512K, 8% used [0x00000000c0000000,0x00000000c051bc98,0x00000000c3f00000)
 Metaspace       used 6282K, capacity 7128K, committed 7424K, reserved 1056768K
  class space    used 621K, capacity 656K, committed 768K, reserved 1048576K
Event: 23.224 GC heap after
Heap after GC invocations=3 (full 0):
 PSYoungGen      total 52736K, used 3573K [0x00000000eab00000, 0x00000000f1200000, 0x0000000100000000)
  eden space 49152K, 0% used [0x00000000eab00000,0x00000000eab00000,0x00000000edb00000)
  from space 3584K, 99% used [0x00000000edb00000,0x00000000ede7d400,0x00000000ede80000)
  to   space 3584K, 0% used [0x00000000f0e80000,0x00000000f0e80000,0x00000000f1200000)
 ParOldGen       total 64512K, used 13224K [0x00000000c0000000, 0x00000000c3f00000, 0x00000000eab00000)
  object space 64512K, 20% used [0x00000000c0000000,0x00000000c0cea2f8,0x00000000c3f00000)
 Metaspace       used 6282K, capacity 7128K, committed 7424K, reserved 1056768K
  class space    used 621K, capacity 656K, committed 768K, reserved 1048576K
}
Event: 23.882 GC heap before
{Heap before GC invocations=4 (full 0):
 PSYoungGen      total 52736K, used 52725K [0x00000000eab00000, 0x00000000f1200000, 0x0000000100000000)
  eden space 49152K, 100% used [0x00000000eab00000,0x00000000edb00000,0x00000000edb00000)
  from space 3584K, 99% used [0x00000000edb00000,0x00000000ede7d400,0x00000000ede80000)
  to   space 3584K, 0% used [0x00000000f0e80000,0x00000000f0e80000,0x00000000f1200000)
 ParOldGen       total 64512K, used 13224K [0x00000000c0000000, 0x00000000c3f00000, 0x00000000eab00000)
  object space 64512K, 20% used [0x00000000c0000000,0x00000000c0cea2f8,0x00000000c3f00000)
 Metaspace       used 6313K, capacity 7128K, committed 7424K, reserved 1056768K
  class space    used 621K, capacity 656K, committed 768K, reserved 1048576K
Event: 23.914 GC heap after
Heap after GC invocations=4 (full 0):
 PSYoungGen      total 101888K, used 3573K [0x00000000eab00000, 0x00000000f1200000, 0x0000000100000000)
  eden space 98304K, 0% used [0x00000000eab00000,0x00000000eab00000,0x00000000f0b00000)
  from space 3584K, 99% used [0x00000000f0e80000,0x00000000f11fd5f8,0x00000000f1200000)
  to   space 3584K, 0% used [0x00000000f0b00000,0x00000000f0b00000,0x00000000f0e80000)
 ParOldGen       total 64512K, used 20679K [0x00000000c0000000, 0x00000000c3f00000, 0x00000000eab00000)
  object space 64512K, 32% used [0x00000000c0000000,0x00000000c1431f70,0x00000000c3f00000)
 Metaspace       used 6313K, capacity 7128K, committed 7424K, reserved 1056768K
  class space    used 621K, capacity 656K, committed 768K, reserved 1048576K
}

Deoptimization events (10 events):
Event: 23.738 Thread 0x000000001656d000 Uncommon trap: reason=bimorphic action=maybe_recompile pc=0x0000000002851730 method=com.android.dx.ssa.LiteralOpUpgrader.tryReplacingWithConstant(Lcom/android/dx/ssa/NormalSsaInsn;)Z @ 52
Event: 23.742 Thread 0x000000001657a800 Uncommon trap: reason=unstable_if action=reinterpret pc=0x000000000291bafc method=java.util.HashMap.resize()[Ljava/util/HashMap$Node; @ 206
Event: 23.756 Thread 0x00000000021b0800 Uncommon trap: reason=bimorphic action=maybe_recompile pc=0x00000000029d0020 method=com.android.dx.cf.code.BytecodeArray.parseInstruction(ILcom/android/dx/cf/code/BytecodeArray$Visitor;)I @ 2484
Event: 23.756 Thread 0x00000000021b0800 Uncommon trap: reason=bimorphic action=maybe_recompile pc=0x00000000029d0020 method=com.android.dx.cf.code.BytecodeArray.parseInstruction(ILcom/android/dx/cf/code/BytecodeArray$Visitor;)I @ 2484
Event: 23.779 Thread 0x000000001657d800 Uncommon trap: reason=class_check action=maybe_recompile pc=0x0000000002960a00 method=com.android.dx.rop.code.RegisterSpec.withSimpleType()Lcom/android/dx/rop/code/RegisterSpec; @ 21
Event: 23.780 Thread 0x000000001657d800 Uncommon trap: reason=class_check action=maybe_recompile pc=0x0000000002960a00 method=com.android.dx.rop.code.RegisterSpec.withSimpleType()Lcom/android/dx/rop/code/RegisterSpec; @ 21
Event: 23.918 Thread 0x000000001656d000 Uncommon trap: reason=class_check action=maybe_recompile pc=0x0000000002a01940 method=com.android.dx.cf.code.RopperMachine.run(Lcom/android/dx/cf/code/Frame;II)V @ 1024
Event: 23.920 Thread 0x000000001657c800 Uncommon trap: reason=unstable_if action=reinterpret pc=0x00000000029606a8 method=com.android.dx.ssa.LocalVariableExtractor.processBlock(I)V @ 251
Event: 23.944 Thread 0x000000001657c800 Uncommon trap: reason=unstable_if action=reinterpret pc=0x00000000029b1d10 method=com.android.dx.rop.code.LocalVariableInfo.mergeStarts(ILcom/android/dx/rop/code/RegisterSpecSet;)Z @ 31
Event: 23.970 Thread 0x000000001657c800 Uncommon trap: reason=unstable_if action=reinterpret pc=0x0000000002a0186c method=com.android.dx.cf.code.RopperMachine.run(Lcom/android/dx/cf/code/Frame;II)V @ 1250

Internal exceptions (7 events):
Event: 0.215 Thread 0x00000000021b0800 Exception <a 'java/lang/NoSuchMethodError': Method sun.misc.Unsafe.defineClass(Ljava/lang/String;[BII)Ljava/lang/Class; name or signature does not match> (0x00000000eab0d410) thrown at [C:\re\workspace\8-2-build-windows-amd64-cygwin\jdk8u60\4407\hotspot\sr∫ò»˚¥áÀ?
Event: 0.215 Thread 0x00000000021b0800 Exception <a 'java/lang/NoSuchMethodError': Method sun.misc.Unsafe.prefetchRead(Ljava/lang/Object;J)V name or signature does not match> (0x00000000eab0d6f8) thrown at [C:\re\workspace\8-2-build-windows-amd64-cygwin\jdk8u60\4407\hotspot\src\share\vm\prims\jùﬂÈp0@
Event: 16.441 Thread 0x00000000021b0800 Implicit null exception at 0x00000000025ba036 to 0x00000000025bb7d1
Event: 16.447 Thread 0x00000000021b0800 Implicit null exception at 0x00000000025cb46e to 0x00000000025cc979
Event: 21.984 Thread 0x000000001657a800 Exception <a 'java/lang/ArrayIndexOutOfBoundsException': 18> (0x00000000ec0e1de0) thrown at [C:\re\workspace\8-2-build-windows-amd64-cygwin\jdk8u60\4407\hotspot\src\share\vm\interpreter\interpreterRuntime.cpp, line 366]
Event: 21.985 Thread 0x000000001657a800 Exception <a 'java/lang/ArrayIndexOutOfBoundsException'> (0x00000000ec0e3960) thrown at [C:\re\workspace\8-2-build-windows-amd64-cygwin\jdk8u60\4407\hotspot\src\share\vm\runtime\sharedRuntime.cpp, line 605]
Event: 21.986 Thread 0x000000001657a800 Exception <a 'java/lang/ArrayIndexOutOfBoundsException'> (0x00000000ec0e4c48) thrown at [C:\re\workspace\8-2-build-windows-amd64-cygwin\jdk8u60\4407\hotspot\src\share\vm\runtime\sharedRuntime.cpp, line 605]

Events (10 events):
Event: 23.949 loading class java/util/HashMap$KeySet
Event: 23.949 loading class java/util/HashMap$KeySet done
Event: 23.949 loading class java/util/HashMap$KeyIterator
Event: 23.949 loading class java/util/HashMap$KeyIterator done
Event: 23.970 Thread 0x000000001657c800 Uncommon trap: trap_request=0xffffff65 fr.pc=0x0000000002a0186c
Event: 23.970 Thread 0x000000001657c800 DEOPT PACKING pc=0x0000000002a0186c sp=0x0000000016d1e0d0
Event: 23.970 Thread 0x000000001657c800 DEOPT UNPACKING pc=0x00000000022f582a sp=0x0000000016d1e068 mode 2
Event: 24.053 Thread 0x000000001657a800 Thread exited: 0x000000001657a800
Event: 24.053 Thread 0x000000001657d800 Thread exited: 0x000000001657d800
Event: 24.055 Thread 0x000000001657c800 Thread exited: 0x000000001657c800


Dynamic libraries:
0x00007ff775fd0000 - 0x00007ff776007000 	C:\Program Files\Java\jdk1.8.0_60\bin\java.exe
0x00007ffb3e0f0000 - 0x00007ffb3e2b1000 	C:\WINDOWS\SYSTEM32\ntdll.dll
0x00007ffb3ca80000 - 0x00007ffb3cb2d000 	C:\WINDOWS\system32\KERNEL32.DLL
0x00007ffb3b240000 - 0x00007ffb3b428000 	C:\WINDOWS\system32\KERNELBASE.dll
0x00007ffb3c600000 - 0x00007ffb3c6a7000 	C:\WINDOWS\system32\ADVAPI32.dll
0x00007ffb3c750000 - 0x00007ffb3c7ed000 	C:\WINDOWS\system32\msvcrt.dll
0x00007ffb3c5a0000 - 0x00007ffb3c5fb000 	C:\WINDOWS\system32\sechost.dll
0x00007ffb3b670000 - 0x00007ffb3b78c000 	C:\WINDOWS\system32\RPCRT4.dll
0x00007ffb3b4f0000 - 0x00007ffb3b646000 	C:\WINDOWS\system32\USER32.dll
0x00007ffb3c860000 - 0x00007ffb3c9e6000 	C:\WINDOWS\system32\GDI32.dll
0x00007ffb33850000 - 0x00007ffb33ac4000 	C:\WINDOWS\WinSxS\amd64_microsoft.windows.common-controls_6595b64144ccf1df_6.0.10586.0_none_8c15ae12515e1c22\COMCTL32.dll
0x00007ffb3bd20000 - 0x00007ffb3bf9d000 	C:\WINDOWS\system32\combase.dll
0x00007ffb3a7a0000 - 0x00007ffb3a80a000 	C:\WINDOWS\system32\bcryptPrimitives.dll
0x00007ffb3c6b0000 - 0x00007ffb3c6eb000 	C:\WINDOWS\system32\IMM32.DLL
0x00007ffb3a260000 - 0x00007ffb3a291000 	C:\WINDOWS\system32\nvinitx.dll
0x00007ffb3a250000 - 0x00007ffb3a25a000 	C:\WINDOWS\SYSTEM32\VERSION.dll
0x0000000071c80000 - 0x0000000071c86000 	C:\Program Files\NVIDIA Corporation\CoProcManager\_etoured.dll
0x00007ffb35730000 - 0x00007ffb35763000 	C:\Program Files\NVIDIA Corporation\CoProcManager\nvd3d9wrapx.dll
0x00007ffb3b790000 - 0x00007ffb3bbb9000 	C:\WINDOWS\system32\SETUPAPI.dll
0x00007ffb3afc0000 - 0x00007ffb3b003000 	C:\WINDOWS\system32\CFGMGR32.dll
0x00007ffb356f0000 - 0x00007ffb35712000 	C:\Program Files\NVIDIA Corporation\CoProcManager\nvdxgiwrapx.dll
0x00000000707e0000 - 0x00000000708b2000 	C:\Program Files\Java\jdk1.8.0_60\jre\bin\msvcr100.dll
0x000000006ff50000 - 0x00000000707d9000 	C:\Program Files\Java\jdk1.8.0_60\jre\bin\server\jvm.dll
0x00007ffb3ca70000 - 0x00007ffb3ca78000 	C:\WINDOWS\system32\PSAPI.DLL
0x00007ffb310a0000 - 0x00007ffb310a9000 	C:\WINDOWS\SYSTEM32\WSOCK32.dll
0x00007ffb3c7f0000 - 0x00007ffb3c85b000 	C:\WINDOWS\system32\WS2_32.dll
0x00007ffb38b30000 - 0x00007ffb38b53000 	C:\WINDOWS\SYSTEM32\WINMM.dll
0x00007ffb38ad0000 - 0x00007ffb38afc000 	C:\WINDOWS\SYSTEM32\WINMMBASE.dll
0x000000006ff40000 - 0x000000006ff4f000 	C:\Program Files\Java\jdk1.8.0_60\jre\bin\verify.dll
0x000000006ff10000 - 0x000000006ff39000 	C:\Program Files\Java\jdk1.8.0_60\jre\bin\java.dll
0x000000006fef0000 - 0x000000006ff06000 	C:\Program Files\Java\jdk1.8.0_60\jre\bin\zip.dll
0x00007ffb3cb90000 - 0x00007ffb3e0ef000 	C:\WINDOWS\system32\SHELL32.dll
0x00007ffb3a810000 - 0x00007ffb3ae54000 	C:\WINDOWS\system32\windows.storage.dll
0x00007ffb3c6f0000 - 0x00007ffb3c742000 	C:\WINDOWS\system32\shlwapi.dll
0x00007ffb3a770000 - 0x00007ffb3a77f000 	C:\WINDOWS\system32\kernel.appcore.dll
0x00007ffb3b430000 - 0x00007ffb3b4e5000 	C:\WINDOWS\system32\shcore.dll
0x00007ffb3a720000 - 0x00007ffb3a76b000 	C:\WINDOWS\system32\powrprof.dll
0x00007ffb3a780000 - 0x00007ffb3a794000 	C:\WINDOWS\system32\profapi.dll

VM Arguments:
jvm_args: -Djava.awt.headless=true -Xmx1024M -Dfile.encoding=windows-1252 -Duser.country=FR -Duser.language=fr -Duser.variant 
java_command: com.android.dx.command.Main --dex --num-threads=4 --output C:\Users\Benjamin\Documents\GitHub\imgur_project\ImgurProject\app\build\intermediates\pre-dexed\debug\com.android.support-recyclerview-v7-23.1.1_0f10ac2c4520ca85dfdef384dcdd4f8fbb88aab4.jar C:\Users\Benjamin\Documents\GitHub\imgur_project\ImgurProject\app\build\intermediates\exploded-aar\com.android.support\recyclerview-v7\23.1.1\jars\classes.jar
java_class_path (initial): C:\Users\Benjamin\AppData\Local\Android\sdk\build-tools\23.0.2\lib\dx.jar
Launcher Type: SUN_STANDARD

Environment Variables:
PATH=C:\ProgramData\Oracle\Java\javapath;C:\WINDOWS\system32;C:\WINDOWS;C:\WINDOWS\System32\Wbem;C:\WINDOWS\System32\WindowsPowerShell\v1.0\;C:\Program Files (x86)\NVIDIA Corporation\PhysX\Common;C:\WINDOWS\system32;C:\WINDOWS;C:\WINDOWS\System32\Wbem;C:\Program Files\FileBot\;C:\Program Files (x86)\Skype\Phone\
USERNAME=Benjamin
OS=Windows_NT
PROCESSOR_IDENTIFIER=Intel64 Family 6 Model 42 Stepping 7, GenuineIntel



---------------  S Y S T E M  ---------------

OS: Windows 10.0 , 64 bit Build 10586 (10.0.10586.0)

CPU:total 4 (2 cores per cpu, 2 threads per core) family 6 model 42 stepping 7, cmov, cx8, fxsr, mmx, sse, sse2, sse3, ssse3, sse4.1, sse4.2, popcnt, avx, aes, clmul, ht, tsc, tscinvbit

Memory: 4k page, physical 6139756k(335876k free), swap 7824236k(1720k free)

vm_info: Java HotSpot(TM) 64-Bit Server VM (25.60-b23) for windows-amd64 JRE (1.8.0_60-b27), built on Aug  4 2015 11:06:27 by "java_re" with MS VC++ 10.0 (VS2010)

time: Tue Jan 05 15:36:20 2016
elapsed time: 24 seconds (0d 0h 0m 24s)

